Determining if the pthread_create exist failed with the following output:
Change Dir: /home/ros-industrial/industrial_training/training/work/2.5b/build/CMakeFiles/CMakeTmp

Run Build Command:/usr/bin/make "cmTryCompileExec565924081/fast"
/usr/bin/make -f CMakeFiles/cmTryCompileExec565924081.dir/build.make CMakeFiles/cmTryCompileExec565924081.dir/build
make[1]: Entering directory `/home/ros-industrial/industrial_training/training/work/2.5b/build/CMakeFiles/CMakeTmp'
/usr/bin/cmake -E cmake_progress_report /home/ros-industrial/industrial_training/training/work/2.5b/build/CMakeFiles/CMakeTmp/CMakeFiles 1
Building C object CMakeFiles/cmTryCompileExec565924081.dir/CheckSymbolExists.c.o
/usr/bin/cc    -o CMakeFiles/cmTryCompileExec565924081.dir/CheckSymbolExists.c.o   -c /home/ros-industrial/industrial_training/training/work/2.5b/build/CMakeFiles/CMakeTmp/CheckSymbolExists.c
Linking C executable cmTryCompileExec565924081
/usr/bin/cmake -E cmake_link_script CMakeFiles/cmTryCompileExec565924081.dir/link.txt --verbose=1
/usr/bin/cc       CMakeFiles/cmTryCompileExec565924081.dir/CheckSymbolExists.c.o  -o cmTryCompileExec565924081 -rdynamic 
CMakeFiles/cmTryCompileExec565924081.dir/CheckSymbolExists.c.o: In function `main':
CheckSymbolExists.c:(.text+0x16): undefined reference to `pthread_create'
collect2: error: ld returned 1 exit status
make[1]: *** [cmTryCompileExec565924081] Error 1
make[1]: Leaving directory `/home/ros-industrial/industrial_training/training/work/2.5b/build/CMakeFiles/CMakeTmp'
make: *** [cmTryCompileExec565924081/fast] Error 2

File /home/ros-industrial/industrial_training/training/work/2.5b/build/CMakeFiles/CMakeTmp/CheckSymbolExists.c:
/* */
#include <pthread.h>

int main(int argc, char** argv)
{
  (void)argv;
#ifndef pthread_create
  return ((int*)(&pthread_create))[argc];
#else
  (void)argc;
  return 0;
#endif
}

Determining if the function pthread_create exists in the pthreads failed with the following output:
Change Dir: /home/ros-industrial/industrial_training/training/work/2.5b/build/CMakeFiles/CMakeTmp

Run Build Command:/usr/bin/make "cmTryCompileExec2976678175/fast"
/usr/bin/make -f CMakeFiles/cmTryCompileExec2976678175.dir/build.make CMakeFiles/cmTryCompileExec2976678175.dir/build
make[1]: Entering directory `/home/ros-industrial/industrial_training/training/work/2.5b/build/CMakeFiles/CMakeTmp'
/usr/bin/cmake -E cmake_progress_report /home/ros-industrial/industrial_training/training/work/2.5b/build/CMakeFiles/CMakeTmp/CMakeFiles 1
Building C object CMakeFiles/cmTryCompileExec2976678175.dir/CheckFunctionExists.c.o
/usr/bin/cc   -DCHECK_FUNCTION_EXISTS=pthread_create   -o CMakeFiles/cmTryCompileExec2976678175.dir/CheckFunctionExists.c.o   -c /usr/share/cmake-2.8/Modules/CheckFunctionExists.c
Linking C executable cmTryCompileExec2976678175
/usr/bin/cmake -E cmake_link_script CMakeFiles/cmTryCompileExec2976678175.dir/link.txt --verbose=1
/usr/bin/cc   -DCHECK_FUNCTION_EXISTS=pthread_create    CMakeFiles/cmTryCompileExec2976678175.dir/CheckFunctionExists.c.o  -o cmTryCompileExec2976678175 -rdynamic -lpthreads 
/usr/bin/ld: cannot find -lpthreads
collect2: error: ld returned 1 exit status
make[1]: *** [cmTryCompileExec2976678175] Error 1
make[1]: Leaving directory `/home/ros-industrial/industrial_training/training/work/2.5b/build/CMakeFiles/CMakeTmp'
make: *** [cmTryCompileExec2976678175/fast] Error 2


